<?xml version="1.0" encoding="UTF-8"?>
<!-- Generated by org.testng.reporters.JUnitXMLReporter -->
<testsuite ignored="0" hostname="DESKTOP-1OAKKA5" failures="0" tests="2" name="Default test" time="5.242" errors="0" timestamp="2021-04-18T18:59:28 IST">
  <testcase classname="com.W2Atesting.APItestingframework.testcases.CreateCustomerTest" name="validateCreateCustomerApiWithInValidSecretkey" time="2.988"/>
  <testcase classname="com.W2Atesting.APItestingframework.testcases.CreateCustomerTest" name="validateCreateCustomerApiWithValidSecretkey" time="0.813"/>
</testsuite> <!-- Default test -->
