<?xml version="1.0" encoding="UTF-8"?>
<testng-results ignored="0" total="2" passed="2" failed="0" skipped="0">
  <reporter-output>
  </reporter-output>
  <suite started-at="2021-04-18T18:59:23 IST" name="Default suite" finished-at="2021-04-18T18:59:28 IST" duration-ms="5242">
    <groups>
    </groups>
    <test started-at="2021-04-18T18:59:23 IST" name="Default test" finished-at="2021-04-18T18:59:28 IST" duration-ms="5242">
      <class name="com.W2Atesting.APItestingframework.testcases.CreateCustomerTest">
        <test-method is-config="true" signature="setUp()[pri:0, instance:com.W2Atesting.APItestingframework.testcases.CreateCustomerTest@1b955cac]" started-at="2021-04-18T18:59:23 IST" name="setUp" finished-at="2021-04-18T18:59:24 IST" duration-ms="1315" status="PASS">
          <reporter-output>
          </reporter-output>
        </test-method> <!-- setUp -->
        <test-method signature="validateCreateCustomerApiWithInValidSecretkey(java.lang.String,java.lang.String,java.lang.String)[pri:0, instance:com.W2Atesting.APItestingframework.testcases.CreateCustomerTest@1b955cac]" started-at="2021-04-18T18:59:25 IST" name="validateCreateCustomerApiWithInValidSecretkey" data-provider="getData" finished-at="2021-04-18T18:59:28 IST" duration-ms="2988" status="PASS">
          <params>
            <param index="0">
              <value>
                <![CDATA[debasis@gmail.com]]>
              </value>
            </param>
            <param index="1">
              <value>
                <![CDATA[My Test]]>
              </value>
            </param>
            <param index="2">
              <value>
                <![CDATA[A-131]]>
              </value>
            </param>
          </params>
          <reporter-output>
          </reporter-output>
        </test-method> <!-- validateCreateCustomerApiWithInValidSecretkey -->
        <test-method signature="validateCreateCustomerApiWithValidSecretkey(java.lang.String,java.lang.String,java.lang.String)[pri:0, instance:com.W2Atesting.APItestingframework.testcases.CreateCustomerTest@1b955cac]" started-at="2021-04-18T18:59:28 IST" name="validateCreateCustomerApiWithValidSecretkey" data-provider="getData" finished-at="2021-04-18T18:59:28 IST" duration-ms="813" status="PASS">
          <params>
            <param index="0">
              <value>
                <![CDATA[debasis@gmail.com]]>
              </value>
            </param>
            <param index="1">
              <value>
                <![CDATA[My Test]]>
              </value>
            </param>
            <param index="2">
              <value>
                <![CDATA[A-131]]>
              </value>
            </param>
          </params>
          <reporter-output>
          </reporter-output>
        </test-method> <!-- validateCreateCustomerApiWithValidSecretkey -->
        <test-method is-config="true" signature="tearDown()[pri:0, instance:com.W2Atesting.APItestingframework.testcases.CreateCustomerTest@1b955cac]" started-at="2021-04-18T18:59:28 IST" name="tearDown" finished-at="2021-04-18T18:59:28 IST" duration-ms="0" status="PASS">
          <reporter-output>
          </reporter-output>
        </test-method> <!-- tearDown -->
      </class> <!-- com.W2Atesting.APItestingframework.testcases.CreateCustomerTest -->
    </test> <!-- Default test -->
  </suite> <!-- Default suite -->
</testng-results>
